


 记录时间：2017-11-26 14:30:01,888 
日志级别：  ERROR 
出错类：Logger  
错误描述：其他错误 

MySql.Data.MySqlClient.MySqlException (0x80004005): Access denied for user 'root'@'localhost' (using password: YES)
   在 MySql.Data.MySqlClient.MySqlStream.OpenPacket()
   在 MySql.Data.MySqlClient.NativeDriver.Authenticate411()
   在 MySql.Data.MySqlClient.NativeDriver.Open()
   在 MySql.Data.MySqlClient.Driver.Create(MySqlConnectionStringBuilder settings)
   在 MySql.Data.MySqlClient.MySqlPool.GetPooledConnection()
   在 MySql.Data.MySqlClient.MySqlPool.TryToGetDriver()
   在 MySql.Data.MySqlClient.MySqlPool.GetConnection()
   在 MySql.Data.MySqlClient.MySqlConnection.Open()
   在 Dapper.SqlMapper.<QueryImpl>d__125`1.MoveNext()
   在 System.Collections.Generic.List`1..ctor(IEnumerable`1 collection)
   在 System.Linq.Enumerable.ToList[TSource](IEnumerable`1 source)
   在 Dapper.SqlMapper.Query[T](IDbConnection cnn, String sql, Object param, IDbTransaction transaction, Boolean buffered, Nullable`1 commandTimeout, Nullable`1 commandType)
   在 Dapper.SqlMapper.Query(IDbConnection cnn, String sql, Object param, IDbTransaction transaction, Boolean buffered, Nullable`1 commandTimeout, Nullable`1 commandType)
   在 Factory.SqlHelps.SqlProcedure(String procedureName, Object obj) 位置 f:\Work\rfidSystem\20171123\rfidSystem\rfidSystem\rfidSystem.Factory\SqlHelps.cs:行号 61



 记录时间：2017-11-26 15:56:56,336 
日志级别：  ERROR 
出错类：Logger  
错误描述：sap 

System.Net.WebException: 无法连接到远程服务器 ---> System.Net.Sockets.SocketException: 套接字操作尝试一个无法连接的主机。 190.1.10.135:8000
   在 System.Net.Sockets.Socket.DoConnect(EndPoint endPointSnapshot, SocketAddress socketAddress)
   在 System.Net.ServicePoint.ConnectSocketInternal(Boolean connectFailure, Socket s4, Socket s6, Socket& socket, IPAddress& address, ConnectSocketState state, IAsyncResult asyncResult, Exception& exception)
   --- 内部异常堆栈跟踪的结尾 ---
   在 System.Net.HttpWebRequest.GetRequestStream(TransportContext& context)
   在 System.Net.HttpWebRequest.GetRequestStream()
   在 System.Web.Services.Protocols.SoapHttpClientProtocol.Invoke(String methodName, Object[] parameters)
   在 DAL.sapService.ZMMRFIDSER.ZmmfRfidWs(ZmmfRfidWs ZmmfRfidWs1) 位置 c:\Users\sai.zhuwen\Documents\程序\博世华域\rfidSystem\rfidSystem.DAL\Web References\sapService\Reference.cs:行号 80
   在 DAL.DataInteraction_DAL.DataMethod(RfidCollections rfidKey, String& action) 位置 c:\Users\sai.zhuwen\Documents\程序\博世华域\rfidSystem\rfidSystem.DAL\DataInteraction_DAL.cs:行号 72



 记录时间：2017-11-26 15:57:57,231 
日志级别：  ERROR 
出错类：Logger  
错误描述：sap 

System.Net.WebException: 无法连接到远程服务器 ---> System.Net.Sockets.SocketException: 套接字操作尝试一个无法连接的主机。 190.1.10.135:8000
   在 System.Net.Sockets.Socket.DoConnect(EndPoint endPointSnapshot, SocketAddress socketAddress)
   在 System.Net.ServicePoint.ConnectSocketInternal(Boolean connectFailure, Socket s4, Socket s6, Socket& socket, IPAddress& address, ConnectSocketState state, IAsyncResult asyncResult, Exception& exception)
   --- 内部异常堆栈跟踪的结尾 ---
   在 System.Net.HttpWebRequest.GetRequestStream(TransportContext& context)
   在 System.Net.HttpWebRequest.GetRequestStream()
   在 System.Web.Services.Protocols.SoapHttpClientProtocol.Invoke(String methodName, Object[] parameters)
   在 DAL.sapService.ZMMRFIDSER.ZmmfRfidWs(ZmmfRfidWs ZmmfRfidWs1) 位置 c:\Users\sai.zhuwen\Documents\程序\博世华域\rfidSystem\rfidSystem.DAL\Web References\sapService\Reference.cs:行号 80
   在 DAL.DataInteraction_DAL.DataMethod(RfidCollections rfidKey, String& action) 位置 c:\Users\sai.zhuwen\Documents\程序\博世华域\rfidSystem\rfidSystem.DAL\DataInteraction_DAL.cs:行号 72



 记录时间：2017-11-26 15:57:57,405 
日志级别：  ERROR 
出错类：Logger  
错误描述：其他错误 

MySql.Data.MySqlClient.MySqlException (0x80004005): Incorrect number of arguments for PROCEDURE rfidsystem.TagGenerate; expected 4, got 1
   在 MySql.Data.MySqlClient.MySqlStream.OpenPacket()
   在 MySql.Data.MySqlClient.NativeDriver.ReadResult(UInt64& affectedRows, Int64& lastInsertId)
   在 MySql.Data.MySqlClient.MySqlDataReader.GetResultSet()
   在 MySql.Data.MySqlClient.MySqlDataReader.NextResult()
   在 MySql.Data.MySqlClient.MySqlCommand.ExecuteReader(CommandBehavior behavior)
   在 Dapper.SqlMapper.ExecuteReaderWithFlagsFallback(IDbCommand cmd, Boolean wasClosed, CommandBehavior behavior)
   在 Dapper.SqlMapper.<QueryImpl>d__125`1.MoveNext()
   在 System.Collections.Generic.List`1..ctor(IEnumerable`1 collection)
   在 System.Linq.Enumerable.ToList[TSource](IEnumerable`1 source)
   在 Dapper.SqlMapper.Query[T](IDbConnection cnn, String sql, Object param, IDbTransaction transaction, Boolean buffered, Nullable`1 commandTimeout, Nullable`1 commandType)
   在 Factory.SqlHelps.SqlProcedure[T](String procedureName, Object obj) 位置 c:\Users\sai.zhuwen\Documents\程序\博世华域\rfidSystem\rfidSystem.Factory\SqlHelps.cs:行号 37



 记录时间：2017-11-26 15:58:57,159 
日志级别：  ERROR 
出错类：Logger  
错误描述：sap 

System.Net.WebException: 无法连接到远程服务器 ---> System.Net.Sockets.SocketException: 套接字操作尝试一个无法连接的主机。 190.1.10.135:8000
   在 System.Net.Sockets.Socket.DoConnect(EndPoint endPointSnapshot, SocketAddress socketAddress)
   在 System.Net.ServicePoint.ConnectSocketInternal(Boolean connectFailure, Socket s4, Socket s6, Socket& socket, IPAddress& address, ConnectSocketState state, IAsyncResult asyncResult, Exception& exception)
   --- 内部异常堆栈跟踪的结尾 ---
   在 System.Net.HttpWebRequest.GetRequestStream(TransportContext& context)
   在 System.Net.HttpWebRequest.GetRequestStream()
   在 System.Web.Services.Protocols.SoapHttpClientProtocol.Invoke(String methodName, Object[] parameters)
   在 DAL.sapService.ZMMRFIDSER.ZmmfRfidWs(ZmmfRfidWs ZmmfRfidWs1) 位置 c:\Users\sai.zhuwen\Documents\程序\博世华域\rfidSystem\rfidSystem.DAL\Web References\sapService\Reference.cs:行号 80
   在 DAL.DataInteraction_DAL.DataMethod(RfidCollections rfidKey, String& action) 位置 c:\Users\sai.zhuwen\Documents\程序\博世华域\rfidSystem\rfidSystem.DAL\DataInteraction_DAL.cs:行号 72



 记录时间：2017-11-26 15:59:16,432 
日志级别：  ERROR 
出错类：Logger  
错误描述：其他错误 

MySql.Data.MySqlClient.MySqlException (0x80004005): Incorrect number of arguments for PROCEDURE rfidsystem.TagGenerate; expected 4, got 1
   在 MySql.Data.MySqlClient.MySqlStream.OpenPacket()
   在 MySql.Data.MySqlClient.NativeDriver.ReadResult(UInt64& affectedRows, Int64& lastInsertId)
   在 MySql.Data.MySqlClient.MySqlDataReader.GetResultSet()
   在 MySql.Data.MySqlClient.MySqlDataReader.NextResult()
   在 MySql.Data.MySqlClient.MySqlCommand.ExecuteReader(CommandBehavior behavior)
   在 Dapper.SqlMapper.ExecuteReaderWithFlagsFallback(IDbCommand cmd, Boolean wasClosed, CommandBehavior behavior)
   在 Dapper.SqlMapper.<QueryImpl>d__125`1.MoveNext()
   在 System.Collections.Generic.List`1..ctor(IEnumerable`1 collection)
   在 System.Linq.Enumerable.ToList[TSource](IEnumerable`1 source)
   在 Dapper.SqlMapper.Query[T](IDbConnection cnn, String sql, Object param, IDbTransaction transaction, Boolean buffered, Nullable`1 commandTimeout, Nullable`1 commandType)
   在 Factory.SqlHelps.SqlProcedure[T](String procedureName, Object obj) 位置 c:\Users\sai.zhuwen\Documents\程序\博世华域\rfidSystem\rfidSystem.Factory\SqlHelps.cs:行号 37



 记录时间：2017-11-26 15:59:56,672 
日志级别：  ERROR 
出错类：Logger  
错误描述：sap 

System.Net.WebException: 无法连接到远程服务器 ---> System.Net.Sockets.SocketException: 套接字操作尝试一个无法连接的主机。 190.1.10.135:8000
   在 System.Net.Sockets.Socket.DoConnect(EndPoint endPointSnapshot, SocketAddress socketAddress)
   在 System.Net.ServicePoint.ConnectSocketInternal(Boolean connectFailure, Socket s4, Socket s6, Socket& socket, IPAddress& address, ConnectSocketState state, IAsyncResult asyncResult, Exception& exception)
   --- 内部异常堆栈跟踪的结尾 ---
   在 System.Net.HttpWebRequest.GetRequestStream(TransportContext& context)
   在 System.Net.HttpWebRequest.GetRequestStream()
   在 System.Web.Services.Protocols.SoapHttpClientProtocol.Invoke(String methodName, Object[] parameters)
   在 DAL.sapService.ZMMRFIDSER.ZmmfRfidWs(ZmmfRfidWs ZmmfRfidWs1) 位置 c:\Users\sai.zhuwen\Documents\程序\博世华域\rfidSystem\rfidSystem.DAL\Web References\sapService\Reference.cs:行号 80
   在 DAL.DataInteraction_DAL.DataMethod(RfidCollections rfidKey, String& action) 位置 c:\Users\sai.zhuwen\Documents\程序\博世华域\rfidSystem\rfidSystem.DAL\DataInteraction_DAL.cs:行号 72



 记录时间：2017-11-26 16:01:56,565 
日志级别：  ERROR 
出错类：Logger  
错误描述：其他错误 

MySql.Data.MySqlClient.MySqlException (0x80004005): Incorrect number of arguments for PROCEDURE rfidsystem.TagGenerate; expected 4, got 1
   在 MySql.Data.MySqlClient.MySqlStream.OpenPacket()
   在 MySql.Data.MySqlClient.NativeDriver.ReadResult(UInt64& affectedRows, Int64& lastInsertId)
   在 MySql.Data.MySqlClient.MySqlDataReader.GetResultSet()
   在 MySql.Data.MySqlClient.MySqlDataReader.NextResult()
   在 MySql.Data.MySqlClient.MySqlCommand.ExecuteReader(CommandBehavior behavior)
   在 Dapper.SqlMapper.ExecuteReaderWithFlagsFallback(IDbCommand cmd, Boolean wasClosed, CommandBehavior behavior)
   在 Dapper.SqlMapper.<QueryImpl>d__125`1.MoveNext()
   在 System.Collections.Generic.List`1..ctor(IEnumerable`1 collection)
   在 System.Linq.Enumerable.ToList[TSource](IEnumerable`1 source)
   在 Dapper.SqlMapper.Query[T](IDbConnection cnn, String sql, Object param, IDbTransaction transaction, Boolean buffered, Nullable`1 commandTimeout, Nullable`1 commandType)
   在 Factory.SqlHelps.SqlProcedure[T](String procedureName, Object obj) 位置 c:\Users\sai.zhuwen\Documents\程序\博世华域\rfidSystem\rfidSystem.Factory\SqlHelps.cs:行号 37



 记录时间：2017-11-26 16:06:34,587 
日志级别：  ERROR 
出错类：Logger  
错误描述：sap 

System.Net.WebException: 无法连接到远程服务器 ---> System.Net.Sockets.SocketException: 套接字操作尝试一个无法连接的主机。 190.1.10.135:8000
   在 System.Net.Sockets.Socket.DoConnect(EndPoint endPointSnapshot, SocketAddress socketAddress)
   在 System.Net.ServicePoint.ConnectSocketInternal(Boolean connectFailure, Socket s4, Socket s6, Socket& socket, IPAddress& address, ConnectSocketState state, IAsyncResult asyncResult, Exception& exception)
   --- 内部异常堆栈跟踪的结尾 ---
   在 System.Net.HttpWebRequest.GetRequestStream(TransportContext& context)
   在 System.Net.HttpWebRequest.GetRequestStream()
   在 System.Web.Services.Protocols.SoapHttpClientProtocol.Invoke(String methodName, Object[] parameters)
   在 DAL.sapService.ZMMRFIDSER.ZmmfRfidWs(ZmmfRfidWs ZmmfRfidWs1) 位置 c:\Users\sai.zhuwen\Documents\程序\博世华域\rfidSystem\rfidSystem.DAL\Web References\sapService\Reference.cs:行号 80
   在 DAL.DataInteraction_DAL.DataMethod(RfidCollections rfidKey, String& action) 位置 c:\Users\sai.zhuwen\Documents\程序\博世华域\rfidSystem\rfidSystem.DAL\DataInteraction_DAL.cs:行号 72



 记录时间：2017-11-26 16:06:34,650 
日志级别：  ERROR 
出错类：Logger  
错误描述：其他错误 

MySql.Data.MySqlClient.MySqlException (0x80004005): Incorrect number of arguments for PROCEDURE rfidsystem.TagGenerate; expected 4, got 1
   在 MySql.Data.MySqlClient.MySqlStream.OpenPacket()
   在 MySql.Data.MySqlClient.NativeDriver.ReadResult(UInt64& affectedRows, Int64& lastInsertId)
   在 MySql.Data.MySqlClient.MySqlDataReader.GetResultSet()
   在 MySql.Data.MySqlClient.MySqlDataReader.NextResult()
   在 MySql.Data.MySqlClient.MySqlCommand.ExecuteReader(CommandBehavior behavior)
   在 Dapper.SqlMapper.ExecuteReaderWithFlagsFallback(IDbCommand cmd, Boolean wasClosed, CommandBehavior behavior)
   在 Dapper.SqlMapper.<QueryImpl>d__125`1.MoveNext()
   在 System.Collections.Generic.List`1..ctor(IEnumerable`1 collection)
   在 System.Linq.Enumerable.ToList[TSource](IEnumerable`1 source)
   在 Dapper.SqlMapper.Query[T](IDbConnection cnn, String sql, Object param, IDbTransaction transaction, Boolean buffered, Nullable`1 commandTimeout, Nullable`1 commandType)
   在 Factory.SqlHelps.SqlProcedure[T](String procedureName, Object obj) 位置 c:\Users\sai.zhuwen\Documents\程序\博世华域\rfidSystem\rfidSystem.Factory\SqlHelps.cs:行号 37



 记录时间：2017-11-26 16:08:20,249 
日志级别：  ERROR 
出错类：Logger  
错误描述：sap 

System.Net.WebException: 无法连接到远程服务器 ---> System.Net.Sockets.SocketException: 套接字操作尝试一个无法连接的主机。 190.1.10.135:8000
   在 System.Net.Sockets.Socket.DoConnect(EndPoint endPointSnapshot, SocketAddress socketAddress)
   在 System.Net.ServicePoint.ConnectSocketInternal(Boolean connectFailure, Socket s4, Socket s6, Socket& socket, IPAddress& address, ConnectSocketState state, IAsyncResult asyncResult, Exception& exception)
   --- 内部异常堆栈跟踪的结尾 ---
   在 System.Net.HttpWebRequest.GetRequestStream(TransportContext& context)
   在 System.Net.HttpWebRequest.GetRequestStream()
   在 System.Web.Services.Protocols.SoapHttpClientProtocol.Invoke(String methodName, Object[] parameters)
   在 DAL.sapService.ZMMRFIDSER.ZmmfRfidWs(ZmmfRfidWs ZmmfRfidWs1) 位置 c:\Users\sai.zhuwen\Documents\程序\博世华域\rfidSystem\rfidSystem.DAL\Web References\sapService\Reference.cs:行号 80
   在 DAL.DataInteraction_DAL.DataMethod(RfidCollections rfidKey, String& action) 位置 c:\Users\sai.zhuwen\Documents\程序\博世华域\rfidSystem\rfidSystem.DAL\DataInteraction_DAL.cs:行号 72



 记录时间：2017-11-26 16:08:20,313 
日志级别：  ERROR 
出错类：Logger  
错误描述：其他错误 

MySql.Data.MySqlClient.MySqlException (0x80004005): Incorrect number of arguments for PROCEDURE rfidsystem.TagGenerate; expected 4, got 1
   在 MySql.Data.MySqlClient.MySqlStream.OpenPacket()
   在 MySql.Data.MySqlClient.NativeDriver.ReadResult(UInt64& affectedRows, Int64& lastInsertId)
   在 MySql.Data.MySqlClient.MySqlDataReader.GetResultSet()
   在 MySql.Data.MySqlClient.MySqlDataReader.NextResult()
   在 MySql.Data.MySqlClient.MySqlCommand.ExecuteReader(CommandBehavior behavior)
   在 Dapper.SqlMapper.ExecuteReaderWithFlagsFallback(IDbCommand cmd, Boolean wasClosed, CommandBehavior behavior)
   在 Dapper.SqlMapper.<QueryImpl>d__125`1.MoveNext()
   在 System.Collections.Generic.List`1..ctor(IEnumerable`1 collection)
   在 System.Linq.Enumerable.ToList[TSource](IEnumerable`1 source)
   在 Dapper.SqlMapper.Query[T](IDbConnection cnn, String sql, Object param, IDbTransaction transaction, Boolean buffered, Nullable`1 commandTimeout, Nullable`1 commandType)
   在 Factory.SqlHelps.SqlProcedure[T](String procedureName, Object obj) 位置 c:\Users\sai.zhuwen\Documents\程序\博世华域\rfidSystem\rfidSystem.Factory\SqlHelps.cs:行号 37



 记录时间：2017-11-26 16:13:40,088 
日志级别：  ERROR 
出错类：Logger  
错误描述：sap 

System.Net.WebException: 无法连接到远程服务器 ---> System.Net.Sockets.SocketException: 套接字操作尝试一个无法连接的主机。 190.1.10.135:8000
   在 System.Net.Sockets.Socket.DoConnect(EndPoint endPointSnapshot, SocketAddress socketAddress)
   在 System.Net.ServicePoint.ConnectSocketInternal(Boolean connectFailure, Socket s4, Socket s6, Socket& socket, IPAddress& address, ConnectSocketState state, IAsyncResult asyncResult, Exception& exception)
   --- 内部异常堆栈跟踪的结尾 ---
   在 System.Net.HttpWebRequest.GetRequestStream(TransportContext& context)
   在 System.Net.HttpWebRequest.GetRequestStream()
   在 System.Web.Services.Protocols.SoapHttpClientProtocol.Invoke(String methodName, Object[] parameters)
   在 DAL.sapService.ZMMRFIDSER.ZmmfRfidWs(ZmmfRfidWs ZmmfRfidWs1) 位置 c:\Users\sai.zhuwen\Documents\程序\博世华域\rfidSystem\rfidSystem.DAL\Web References\sapService\Reference.cs:行号 80
   在 DAL.DataInteraction_DAL.DataMethod(RfidCollections rfidKey, String& action) 位置 c:\Users\sai.zhuwen\Documents\程序\博世华域\rfidSystem\rfidSystem.DAL\DataInteraction_DAL.cs:行号 72



 记录时间：2017-11-26 16:13:44,535 
日志级别：  ERROR 
出错类：Logger  
错误描述：其他错误 

MySql.Data.MySqlClient.MySqlException (0x80004005): Incorrect number of arguments for PROCEDURE rfidsystem.TagPull; expected 5, got 1
   在 MySql.Data.MySqlClient.MySqlStream.OpenPacket()
   在 MySql.Data.MySqlClient.NativeDriver.ReadResult(UInt64& affectedRows, Int64& lastInsertId)
   在 MySql.Data.MySqlClient.MySqlDataReader.GetResultSet()
   在 MySql.Data.MySqlClient.MySqlDataReader.NextResult()
   在 MySql.Data.MySqlClient.MySqlCommand.ExecuteReader(CommandBehavior behavior)
   在 MySql.Data.MySqlClient.MySqlCommand.ExecuteDbDataReader(CommandBehavior behavior)
   在 Dapper.SqlMapper.ExecuteReaderWithFlagsFallback(IDbCommand cmd, Boolean wasClosed, CommandBehavior behavior)
   在 Dapper.SqlMapper.<QueryImpl>d__125`1.MoveNext()
   在 System.Collections.Generic.List`1..ctor(IEnumerable`1 collection)
   在 System.Linq.Enumerable.ToList[TSource](IEnumerable`1 source)
   在 Dapper.SqlMapper.Query[T](IDbConnection cnn, String sql, Object param, IDbTransaction transaction, Boolean buffered, Nullable`1 commandTimeout, Nullable`1 commandType)
   在 Factory.SqlHelps.SqlProcedure[T](String procedureName, Object obj) 位置 c:\Users\sai.zhuwen\Documents\程序\博世华域\rfidSystem\rfidSystem.Factory\SqlHelps.cs:行号 37



 记录时间：2017-11-26 16:14:35,425 
日志级别：  ERROR 
出错类：Logger  
错误描述：sap 

System.Net.WebException: 无法连接到远程服务器 ---> System.Net.Sockets.SocketException: 套接字操作尝试一个无法连接的主机。 190.1.10.135:8000
   在 System.Net.Sockets.Socket.DoConnect(EndPoint endPointSnapshot, SocketAddress socketAddress)
   在 System.Net.ServicePoint.ConnectSocketInternal(Boolean connectFailure, Socket s4, Socket s6, Socket& socket, IPAddress& address, ConnectSocketState state, IAsyncResult asyncResult, Exception& exception)
   --- 内部异常堆栈跟踪的结尾 ---
   在 System.Net.HttpWebRequest.GetRequestStream(TransportContext& context)
   在 System.Net.HttpWebRequest.GetRequestStream()
   在 System.Web.Services.Protocols.SoapHttpClientProtocol.Invoke(String methodName, Object[] parameters)
   在 DAL.sapService.ZMMRFIDSER.ZmmfRfidWs(ZmmfRfidWs ZmmfRfidWs1) 位置 c:\Users\sai.zhuwen\Documents\程序\博世华域\rfidSystem\rfidSystem.DAL\Web References\sapService\Reference.cs:行号 80
   在 DAL.DataInteraction_DAL.DataMethod(RfidCollections rfidKey, String& action) 位置 c:\Users\sai.zhuwen\Documents\程序\博世华域\rfidSystem\rfidSystem.DAL\DataInteraction_DAL.cs:行号 72



 记录时间：2017-11-26 16:14:46,206 
日志级别：  ERROR 
出错类：Logger  
错误描述：其他错误 

MySql.Data.MySqlClient.MySqlException (0x80004005): Incorrect number of arguments for PROCEDURE rfidsystem.TagPull; expected 5, got 1
   在 MySql.Data.MySqlClient.MySqlStream.OpenPacket()
   在 MySql.Data.MySqlClient.NativeDriver.ReadResult(UInt64& affectedRows, Int64& lastInsertId)
   在 MySql.Data.MySqlClient.MySqlDataReader.GetResultSet()
   在 MySql.Data.MySqlClient.MySqlDataReader.NextResult()
   在 MySql.Data.MySqlClient.MySqlCommand.ExecuteReader(CommandBehavior behavior)
   在 MySql.Data.MySqlClient.MySqlCommand.ExecuteDbDataReader(CommandBehavior behavior)
   在 Dapper.SqlMapper.ExecuteReaderWithFlagsFallback(IDbCommand cmd, Boolean wasClosed, CommandBehavior behavior)
   在 Dapper.SqlMapper.<QueryImpl>d__125`1.MoveNext()
   在 System.Collections.Generic.List`1..ctor(IEnumerable`1 collection)
   在 System.Linq.Enumerable.ToList[TSource](IEnumerable`1 source)
   在 Dapper.SqlMapper.Query[T](IDbConnection cnn, String sql, Object param, IDbTransaction transaction, Boolean buffered, Nullable`1 commandTimeout, Nullable`1 commandType)
   在 Factory.SqlHelps.SqlProcedure[T](String procedureName, Object obj) 位置 c:\Users\sai.zhuwen\Documents\程序\博世华域\rfidSystem\rfidSystem.Factory\SqlHelps.cs:行号 37



 记录时间：2017-11-26 16:15:04,323 
日志级别：  ERROR 
出错类：Logger  
错误描述：sap 

System.Net.WebException: 无法连接到远程服务器 ---> System.Net.Sockets.SocketException: 套接字操作尝试一个无法连接的主机。 190.1.10.135:8000
   在 System.Net.Sockets.Socket.DoConnect(EndPoint endPointSnapshot, SocketAddress socketAddress)
   在 System.Net.ServicePoint.ConnectSocketInternal(Boolean connectFailure, Socket s4, Socket s6, Socket& socket, IPAddress& address, ConnectSocketState state, IAsyncResult asyncResult, Exception& exception)
   --- 内部异常堆栈跟踪的结尾 ---
   在 System.Net.HttpWebRequest.GetRequestStream(TransportContext& context)
   在 System.Net.HttpWebRequest.GetRequestStream()
   在 System.Web.Services.Protocols.SoapHttpClientProtocol.Invoke(String methodName, Object[] parameters)
   在 DAL.sapService.ZMMRFIDSER.ZmmfRfidWs(ZmmfRfidWs ZmmfRfidWs1) 位置 c:\Users\sai.zhuwen\Documents\程序\博世华域\rfidSystem\rfidSystem.DAL\Web References\sapService\Reference.cs:行号 80
   在 DAL.DataInteraction_DAL.DataMethod(RfidCollections rfidKey, String& action) 位置 c:\Users\sai.zhuwen\Documents\程序\博世华域\rfidSystem\rfidSystem.DAL\DataInteraction_DAL.cs:行号 72



 记录时间：2017-11-26 16:16:01,984 
日志级别：  ERROR 
出错类：Logger  
错误描述：其他错误 

MySql.Data.MySqlClient.MySqlException (0x80004005): Incorrect number of arguments for PROCEDURE rfidsystem.TagPull; expected 5, got 1
   在 MySql.Data.MySqlClient.MySqlStream.OpenPacket()
   在 MySql.Data.MySqlClient.NativeDriver.ReadResult(UInt64& affectedRows, Int64& lastInsertId)
   在 MySql.Data.MySqlClient.MySqlDataReader.GetResultSet()
   在 MySql.Data.MySqlClient.MySqlDataReader.NextResult()
   在 MySql.Data.MySqlClient.MySqlCommand.ExecuteReader(CommandBehavior behavior)
   在 MySql.Data.MySqlClient.MySqlCommand.ExecuteDbDataReader(CommandBehavior behavior)
   在 Dapper.SqlMapper.ExecuteReaderWithFlagsFallback(IDbCommand cmd, Boolean wasClosed, CommandBehavior behavior)
   在 Dapper.SqlMapper.<QueryImpl>d__125`1.MoveNext()
   在 System.Collections.Generic.List`1..ctor(IEnumerable`1 collection)
   在 System.Linq.Enumerable.ToList[TSource](IEnumerable`1 source)
   在 Dapper.SqlMapper.Query[T](IDbConnection cnn, String sql, Object param, IDbTransaction transaction, Boolean buffered, Nullable`1 commandTimeout, Nullable`1 commandType)
   在 Factory.SqlHelps.SqlProcedure[T](String procedureName, Object obj) 位置 c:\Users\sai.zhuwen\Documents\程序\博世华域\rfidSystem\rfidSystem.Factory\SqlHelps.cs:行号 37



 记录时间：2017-11-26 16:16:37,147 
日志级别：  ERROR 
出错类：Logger  
错误描述：sap 

System.Net.WebException: 无法连接到远程服务器 ---> System.Net.Sockets.SocketException: 套接字操作尝试一个无法连接的主机。 190.1.10.135:8000
   在 System.Net.Sockets.Socket.DoConnect(EndPoint endPointSnapshot, SocketAddress socketAddress)
   在 System.Net.ServicePoint.ConnectSocketInternal(Boolean connectFailure, Socket s4, Socket s6, Socket& socket, IPAddress& address, ConnectSocketState state, IAsyncResult asyncResult, Exception& exception)
   --- 内部异常堆栈跟踪的结尾 ---
   在 System.Net.HttpWebRequest.GetRequestStream(TransportContext& context)
   在 System.Net.HttpWebRequest.GetRequestStream()
   在 System.Web.Services.Protocols.SoapHttpClientProtocol.Invoke(String methodName, Object[] parameters)
   在 DAL.sapService.ZMMRFIDSER.ZmmfRfidWs(ZmmfRfidWs ZmmfRfidWs1) 位置 c:\Users\sai.zhuwen\Documents\程序\博世华域\rfidSystem\rfidSystem.DAL\Web References\sapService\Reference.cs:行号 80
   在 DAL.DataInteraction_DAL.DataMethod(RfidCollections rfidKey, String& action) 位置 c:\Users\sai.zhuwen\Documents\程序\博世华域\rfidSystem\rfidSystem.DAL\DataInteraction_DAL.cs:行号 72



 记录时间：2017-11-26 16:16:37,151 
日志级别：  ERROR 
出错类：Logger  
错误描述：其他错误 

MySql.Data.MySqlClient.MySqlException (0x80004005): Incorrect number of arguments for PROCEDURE rfidsystem.TagPull; expected 5, got 1
   在 MySql.Data.MySqlClient.MySqlStream.OpenPacket()
   在 MySql.Data.MySqlClient.NativeDriver.ReadResult(UInt64& affectedRows, Int64& lastInsertId)
   在 MySql.Data.MySqlClient.MySqlDataReader.GetResultSet()
   在 MySql.Data.MySqlClient.MySqlDataReader.NextResult()
   在 MySql.Data.MySqlClient.MySqlCommand.ExecuteReader(CommandBehavior behavior)
   在 MySql.Data.MySqlClient.MySqlCommand.ExecuteDbDataReader(CommandBehavior behavior)
   在 Dapper.SqlMapper.ExecuteReaderWithFlagsFallback(IDbCommand cmd, Boolean wasClosed, CommandBehavior behavior)
   在 Dapper.SqlMapper.<QueryImpl>d__125`1.MoveNext()
   在 System.Collections.Generic.List`1..ctor(IEnumerable`1 collection)
   在 System.Linq.Enumerable.ToList[TSource](IEnumerable`1 source)
   在 Dapper.SqlMapper.Query[T](IDbConnection cnn, String sql, Object param, IDbTransaction transaction, Boolean buffered, Nullable`1 commandTimeout, Nullable`1 commandType)
   在 Factory.SqlHelps.SqlProcedure[T](String procedureName, Object obj) 位置 c:\Users\sai.zhuwen\Documents\程序\博世华域\rfidSystem\rfidSystem.Factory\SqlHelps.cs:行号 37



 记录时间：2017-11-26 16:16:41,303 
日志级别：  ERROR 
出错类：Logger  
错误描述：sap 

System.Net.WebException: 无法连接到远程服务器 ---> System.Net.Sockets.SocketException: 套接字操作尝试一个无法连接的主机。 190.1.10.135:8000
   在 System.Net.Sockets.Socket.DoConnect(EndPoint endPointSnapshot, SocketAddress socketAddress)
   在 System.Net.ServicePoint.ConnectSocketInternal(Boolean connectFailure, Socket s4, Socket s6, Socket& socket, IPAddress& address, ConnectSocketState state, IAsyncResult asyncResult, Exception& exception)
   --- 内部异常堆栈跟踪的结尾 ---
   在 System.Net.HttpWebRequest.GetRequestStream(TransportContext& context)
   在 System.Net.HttpWebRequest.GetRequestStream()
   在 System.Web.Services.Protocols.SoapHttpClientProtocol.Invoke(String methodName, Object[] parameters)
   在 DAL.sapService.ZMMRFIDSER.ZmmfRfidWs(ZmmfRfidWs ZmmfRfidWs1) 位置 c:\Users\sai.zhuwen\Documents\程序\博世华域\rfidSystem\rfidSystem.DAL\Web References\sapService\Reference.cs:行号 80
   在 DAL.DataInteraction_DAL.DataMethod(RfidCollections rfidKey, String& action) 位置 c:\Users\sai.zhuwen\Documents\程序\博世华域\rfidSystem\rfidSystem.DAL\DataInteraction_DAL.cs:行号 72



 记录时间：2017-11-26 16:16:41,307 
日志级别：  ERROR 
出错类：Logger  
错误描述：其他错误 

MySql.Data.MySqlClient.MySqlException (0x80004005): Incorrect number of arguments for PROCEDURE rfidsystem.TagPull; expected 5, got 1
   在 MySql.Data.MySqlClient.MySqlStream.OpenPacket()
   在 MySql.Data.MySqlClient.NativeDriver.ReadResult(UInt64& affectedRows, Int64& lastInsertId)
   在 MySql.Data.MySqlClient.MySqlDataReader.GetResultSet()
   在 MySql.Data.MySqlClient.MySqlDataReader.NextResult()
   在 MySql.Data.MySqlClient.MySqlCommand.ExecuteReader(CommandBehavior behavior)
   在 MySql.Data.MySqlClient.MySqlCommand.ExecuteDbDataReader(CommandBehavior behavior)
   在 Dapper.SqlMapper.ExecuteReaderWithFlagsFallback(IDbCommand cmd, Boolean wasClosed, CommandBehavior behavior)
   在 Dapper.SqlMapper.<QueryImpl>d__125`1.MoveNext()
   在 System.Collections.Generic.List`1..ctor(IEnumerable`1 collection)
   在 System.Linq.Enumerable.ToList[TSource](IEnumerable`1 source)
   在 Dapper.SqlMapper.Query[T](IDbConnection cnn, String sql, Object param, IDbTransaction transaction, Boolean buffered, Nullable`1 commandTimeout, Nullable`1 commandType)
   在 Factory.SqlHelps.SqlProcedure[T](String procedureName, Object obj) 位置 c:\Users\sai.zhuwen\Documents\程序\博世华域\rfidSystem\rfidSystem.Factory\SqlHelps.cs:行号 37



 记录时间：2017-11-26 16:17:15,693 
日志级别：  ERROR 
出错类：Logger  
错误描述：sap 

System.Net.WebException: 无法连接到远程服务器 ---> System.Net.Sockets.SocketException: 套接字操作尝试一个无法连接的主机。 190.1.10.135:8000
   在 System.Net.Sockets.Socket.DoConnect(EndPoint endPointSnapshot, SocketAddress socketAddress)
   在 System.Net.ServicePoint.ConnectSocketInternal(Boolean connectFailure, Socket s4, Socket s6, Socket& socket, IPAddress& address, ConnectSocketState state, IAsyncResult asyncResult, Exception& exception)
   --- 内部异常堆栈跟踪的结尾 ---
   在 System.Net.HttpWebRequest.GetRequestStream(TransportContext& context)
   在 System.Net.HttpWebRequest.GetRequestStream()
   在 System.Web.Services.Protocols.SoapHttpClientProtocol.Invoke(String methodName, Object[] parameters)
   在 DAL.sapService.ZMMRFIDSER.ZmmfRfidWs(ZmmfRfidWs ZmmfRfidWs1) 位置 c:\Users\sai.zhuwen\Documents\程序\博世华域\rfidSystem\rfidSystem.DAL\Web References\sapService\Reference.cs:行号 80
   在 DAL.DataInteraction_DAL.DataMethod(RfidCollections rfidKey, String& action) 位置 c:\Users\sai.zhuwen\Documents\程序\博世华域\rfidSystem\rfidSystem.DAL\DataInteraction_DAL.cs:行号 72



 记录时间：2017-11-26 16:21:02,751 
日志级别：  ERROR 
出错类：Logger  
错误描述：其他错误 

MySql.Data.MySqlClient.MySqlException (0x80004005): Incorrect number of arguments for PROCEDURE rfidsystem.TagPull; expected 5, got 1
   在 MySql.Data.MySqlClient.MySqlStream.OpenPacket()
   在 MySql.Data.MySqlClient.NativeDriver.ReadResult(UInt64& affectedRows, Int64& lastInsertId)
   在 MySql.Data.MySqlClient.MySqlDataReader.GetResultSet()
   在 MySql.Data.MySqlClient.MySqlDataReader.NextResult()
   在 MySql.Data.MySqlClient.MySqlCommand.ExecuteReader(CommandBehavior behavior)
   在 MySql.Data.MySqlClient.MySqlCommand.ExecuteDbDataReader(CommandBehavior behavior)
   在 Dapper.SqlMapper.ExecuteReaderWithFlagsFallback(IDbCommand cmd, Boolean wasClosed, CommandBehavior behavior)
   在 Dapper.SqlMapper.<QueryImpl>d__125`1.MoveNext()
   在 System.Collections.Generic.List`1..ctor(IEnumerable`1 collection)
   在 System.Linq.Enumerable.ToList[TSource](IEnumerable`1 source)
   在 Dapper.SqlMapper.Query[T](IDbConnection cnn, String sql, Object param, IDbTransaction transaction, Boolean buffered, Nullable`1 commandTimeout, Nullable`1 commandType)
   在 Factory.SqlHelps.SqlProcedure[T](String procedureName, Object obj) 位置 c:\Users\sai.zhuwen\Documents\程序\博世华域\rfidSystem\rfidSystem.Factory\SqlHelps.cs:行号 37



 记录时间：2017-11-26 16:21:03,238 
日志级别：  ERROR 
出错类：Logger  
错误描述：sap 

System.Net.WebException: 无法连接到远程服务器 ---> System.Net.Sockets.SocketException: 套接字操作尝试一个无法连接的主机。 190.1.10.135:8000
   在 System.Net.Sockets.Socket.DoConnect(EndPoint endPointSnapshot, SocketAddress socketAddress)
   在 System.Net.ServicePoint.ConnectSocketInternal(Boolean connectFailure, Socket s4, Socket s6, Socket& socket, IPAddress& address, ConnectSocketState state, IAsyncResult asyncResult, Exception& exception)
   --- 内部异常堆栈跟踪的结尾 ---
   在 System.Net.HttpWebRequest.GetRequestStream(TransportContext& context)
   在 System.Net.HttpWebRequest.GetRequestStream()
   在 System.Web.Services.Protocols.SoapHttpClientProtocol.Invoke(String methodName, Object[] parameters)
   在 DAL.sapService.ZMMRFIDSER.ZmmfRfidWs(ZmmfRfidWs ZmmfRfidWs1) 位置 c:\Users\sai.zhuwen\Documents\程序\博世华域\rfidSystem\rfidSystem.DAL\Web References\sapService\Reference.cs:行号 80
   在 DAL.DataInteraction_DAL.DataMethod(RfidCollections rfidKey, String& action) 位置 c:\Users\sai.zhuwen\Documents\程序\博世华域\rfidSystem\rfidSystem.DAL\DataInteraction_DAL.cs:行号 72



 记录时间：2017-11-26 16:22:00,361 
日志级别：  ERROR 
出错类：Logger  
错误描述：其他错误 

MySql.Data.MySqlClient.MySqlException (0x80004005): Incorrect number of arguments for PROCEDURE rfidsystem.TagPull; expected 5, got 1
   在 MySql.Data.MySqlClient.MySqlStream.OpenPacket()
   在 MySql.Data.MySqlClient.NativeDriver.ReadResult(UInt64& affectedRows, Int64& lastInsertId)
   在 MySql.Data.MySqlClient.MySqlDataReader.GetResultSet()
   在 MySql.Data.MySqlClient.MySqlDataReader.NextResult()
   在 MySql.Data.MySqlClient.MySqlCommand.ExecuteReader(CommandBehavior behavior)
   在 MySql.Data.MySqlClient.MySqlCommand.ExecuteDbDataReader(CommandBehavior behavior)
   在 Dapper.SqlMapper.ExecuteReaderWithFlagsFallback(IDbCommand cmd, Boolean wasClosed, CommandBehavior behavior)
   在 Dapper.SqlMapper.<QueryImpl>d__125`1.MoveNext()
   在 System.Collections.Generic.List`1..ctor(IEnumerable`1 collection)
   在 System.Linq.Enumerable.ToList[TSource](IEnumerable`1 source)
   在 Dapper.SqlMapper.Query[T](IDbConnection cnn, String sql, Object param, IDbTransaction transaction, Boolean buffered, Nullable`1 commandTimeout, Nullable`1 commandType)
   在 Factory.SqlHelps.SqlProcedure[T](String procedureName, Object obj) 位置 c:\Users\sai.zhuwen\Documents\程序\博世华域\rfidSystem\rfidSystem.Factory\SqlHelps.cs:行号 37



 记录时间：2017-11-26 16:24:02,828 
日志级别：  ERROR 
出错类：Logger  
错误描述：sap 

System.Net.WebException: 无法连接到远程服务器 ---> System.Net.Sockets.SocketException: 套接字操作尝试一个无法连接的主机。 190.1.10.135:8000
   在 System.Net.Sockets.Socket.DoConnect(EndPoint endPointSnapshot, SocketAddress socketAddress)
   在 System.Net.ServicePoint.ConnectSocketInternal(Boolean connectFailure, Socket s4, Socket s6, Socket& socket, IPAddress& address, ConnectSocketState state, IAsyncResult asyncResult, Exception& exception)
   --- 内部异常堆栈跟踪的结尾 ---
   在 System.Net.HttpWebRequest.GetRequestStream(TransportContext& context)
   在 System.Net.HttpWebRequest.GetRequestStream()
   在 System.Web.Services.Protocols.SoapHttpClientProtocol.Invoke(String methodName, Object[] parameters)
   在 DAL.sapService.ZMMRFIDSER.ZmmfRfidWs(ZmmfRfidWs ZmmfRfidWs1) 位置 c:\Users\sai.zhuwen\Documents\程序\博世华域\rfidSystem\rfidSystem.DAL\Web References\sapService\Reference.cs:行号 80
   在 DAL.DataInteraction_DAL.DataMethod(RfidCollections rfidKey, String& action) 位置 c:\Users\sai.zhuwen\Documents\程序\博世华域\rfidSystem\rfidSystem.DAL\DataInteraction_DAL.cs:行号 72



 记录时间：2017-11-26 16:24:04,881 
日志级别：  ERROR 
出错类：Logger  
错误描述：其他错误 

MySql.Data.MySqlClient.MySqlException (0x80004005): Incorrect number of arguments for PROCEDURE rfidsystem.TagPull; expected 5, got 1
   在 MySql.Data.MySqlClient.MySqlStream.OpenPacket()
   在 MySql.Data.MySqlClient.NativeDriver.ReadResult(UInt64& affectedRows, Int64& lastInsertId)
   在 MySql.Data.MySqlClient.MySqlDataReader.GetResultSet()
   在 MySql.Data.MySqlClient.MySqlDataReader.NextResult()
   在 MySql.Data.MySqlClient.MySqlCommand.ExecuteReader(CommandBehavior behavior)
   在 MySql.Data.MySqlClient.MySqlCommand.ExecuteDbDataReader(CommandBehavior behavior)
   在 Dapper.SqlMapper.ExecuteReaderWithFlagsFallback(IDbCommand cmd, Boolean wasClosed, CommandBehavior behavior)
   在 Dapper.SqlMapper.<QueryImpl>d__125`1.MoveNext()
   在 System.Collections.Generic.List`1..ctor(IEnumerable`1 collection)
   在 System.Linq.Enumerable.ToList[TSource](IEnumerable`1 source)
   在 Dapper.SqlMapper.Query[T](IDbConnection cnn, String sql, Object param, IDbTransaction transaction, Boolean buffered, Nullable`1 commandTimeout, Nullable`1 commandType)
   在 Factory.SqlHelps.SqlProcedure[T](String procedureName, Object obj) 位置 c:\Users\sai.zhuwen\Documents\程序\博世华域\rfidSystem\rfidSystem.Factory\SqlHelps.cs:行号 37



 记录时间：2017-11-26 16:26:37,569 
日志级别：  ERROR 
出错类：Logger  
错误描述：sap 

System.Net.WebException: 无法连接到远程服务器 ---> System.Net.Sockets.SocketException: 套接字操作尝试一个无法连接的主机。 190.1.10.135:8000
   在 System.Net.Sockets.Socket.DoConnect(EndPoint endPointSnapshot, SocketAddress socketAddress)
   在 System.Net.ServicePoint.ConnectSocketInternal(Boolean connectFailure, Socket s4, Socket s6, Socket& socket, IPAddress& address, ConnectSocketState state, IAsyncResult asyncResult, Exception& exception)
   --- 内部异常堆栈跟踪的结尾 ---
   在 System.Net.HttpWebRequest.GetRequestStream(TransportContext& context)
   在 System.Net.HttpWebRequest.GetRequestStream()
   在 System.Web.Services.Protocols.SoapHttpClientProtocol.Invoke(String methodName, Object[] parameters)
   在 DAL.sapService.ZMMRFIDSER.ZmmfRfidWs(ZmmfRfidWs ZmmfRfidWs1) 位置 c:\Users\sai.zhuwen\Documents\程序\博世华域\rfidSystem\rfidSystem.DAL\Web References\sapService\Reference.cs:行号 80
   在 DAL.DataInteraction_DAL.DataMethod(RfidCollections rfidKey, String& action) 位置 c:\Users\sai.zhuwen\Documents\程序\博世华域\rfidSystem\rfidSystem.DAL\DataInteraction_DAL.cs:行号 72



 记录时间：2017-11-26 16:27:37,753 
日志级别：  ERROR 
出错类：Logger  
错误描述：sap 

System.Net.WebException: 无法连接到远程服务器 ---> System.Net.Sockets.SocketException: 套接字操作尝试一个无法连接的主机。 190.1.10.135:8000
   在 System.Net.Sockets.Socket.DoConnect(EndPoint endPointSnapshot, SocketAddress socketAddress)
   在 System.Net.ServicePoint.ConnectSocketInternal(Boolean connectFailure, Socket s4, Socket s6, Socket& socket, IPAddress& address, ConnectSocketState state, IAsyncResult asyncResult, Exception& exception)
   --- 内部异常堆栈跟踪的结尾 ---
   在 System.Net.HttpWebRequest.GetRequestStream(TransportContext& context)
   在 System.Net.HttpWebRequest.GetRequestStream()
   在 System.Web.Services.Protocols.SoapHttpClientProtocol.Invoke(String methodName, Object[] parameters)
   在 DAL.sapService.ZMMRFIDSER.ZmmfRfidWs(ZmmfRfidWs ZmmfRfidWs1) 位置 c:\Users\sai.zhuwen\Documents\程序\博世华域\rfidSystem\rfidSystem.DAL\Web References\sapService\Reference.cs:行号 80
   在 DAL.DataInteraction_DAL.DataMethod(RfidCollections rfidKey, String& action) 位置 c:\Users\sai.zhuwen\Documents\程序\博世华域\rfidSystem\rfidSystem.DAL\DataInteraction_DAL.cs:行号 72



 记录时间：2017-11-26 16:29:02,772 
日志级别：  ERROR 
出错类：Logger  
错误描述：sap 

System.Net.WebException: 无法连接到远程服务器 ---> System.Net.Sockets.SocketException: 套接字操作尝试一个无法连接的主机。 190.1.10.135:8000
   在 System.Net.Sockets.Socket.DoConnect(EndPoint endPointSnapshot, SocketAddress socketAddress)
   在 System.Net.ServicePoint.ConnectSocketInternal(Boolean connectFailure, Socket s4, Socket s6, Socket& socket, IPAddress& address, ConnectSocketState state, IAsyncResult asyncResult, Exception& exception)
   --- 内部异常堆栈跟踪的结尾 ---
   在 System.Net.HttpWebRequest.GetRequestStream(TransportContext& context)
   在 System.Net.HttpWebRequest.GetRequestStream()
   在 System.Web.Services.Protocols.SoapHttpClientProtocol.Invoke(String methodName, Object[] parameters)
   在 DAL.sapService.ZMMRFIDSER.ZmmfRfidWs(ZmmfRfidWs ZmmfRfidWs1) 位置 c:\Users\sai.zhuwen\Documents\程序\博世华域\rfidSystem\rfidSystem.DAL\Web References\sapService\Reference.cs:行号 80
   在 DAL.DataInteraction_DAL.DataMethod(RfidCollections rfidKey, String& action) 位置 c:\Users\sai.zhuwen\Documents\程序\博世华域\rfidSystem\rfidSystem.DAL\DataInteraction_DAL.cs:行号 72



 记录时间：2017-11-26 16:29:59,027 
日志级别：  ERROR 
出错类：Logger  
错误描述：sap 

System.Net.WebException: 无法连接到远程服务器 ---> System.Net.Sockets.SocketException: 套接字操作尝试一个无法连接的主机。 190.1.10.135:8000
   在 System.Net.Sockets.Socket.DoConnect(EndPoint endPointSnapshot, SocketAddress socketAddress)
   在 System.Net.ServicePoint.ConnectSocketInternal(Boolean connectFailure, Socket s4, Socket s6, Socket& socket, IPAddress& address, ConnectSocketState state, IAsyncResult asyncResult, Exception& exception)
   --- 内部异常堆栈跟踪的结尾 ---
   在 System.Net.HttpWebRequest.GetRequestStream(TransportContext& context)
   在 System.Net.HttpWebRequest.GetRequestStream()
   在 System.Web.Services.Protocols.SoapHttpClientProtocol.Invoke(String methodName, Object[] parameters)
   在 DAL.sapService.ZMMRFIDSER.ZmmfRfidWs(ZmmfRfidWs ZmmfRfidWs1) 位置 c:\Users\sai.zhuwen\Documents\程序\博世华域\rfidSystem\rfidSystem.DAL\Web References\sapService\Reference.cs:行号 80
   在 DAL.DataInteraction_DAL.DataMethod(RfidCollections rfidKey, String& action) 位置 c:\Users\sai.zhuwen\Documents\程序\博世华域\rfidSystem\rfidSystem.DAL\DataInteraction_DAL.cs:行号 72



 记录时间：2017-11-26 16:33:18,530 
日志级别：  ERROR 
出错类：Logger  
错误描述：sap 

System.Net.WebException: 无法连接到远程服务器 ---> System.Net.Sockets.SocketException: 套接字操作尝试一个无法连接的主机。 190.1.10.135:8000
   在 System.Net.Sockets.Socket.DoConnect(EndPoint endPointSnapshot, SocketAddress socketAddress)
   在 System.Net.ServicePoint.ConnectSocketInternal(Boolean connectFailure, Socket s4, Socket s6, Socket& socket, IPAddress& address, ConnectSocketState state, IAsyncResult asyncResult, Exception& exception)
   --- 内部异常堆栈跟踪的结尾 ---
   在 System.Net.HttpWebRequest.GetRequestStream(TransportContext& context)
   在 System.Net.HttpWebRequest.GetRequestStream()
   在 System.Web.Services.Protocols.SoapHttpClientProtocol.Invoke(String methodName, Object[] parameters)
   在 DAL.sapService.ZMMRFIDSER.ZmmfRfidWs(ZmmfRfidWs ZmmfRfidWs1) 位置 c:\Users\sai.zhuwen\Documents\程序\博世华域\rfidSystem\rfidSystem.DAL\Web References\sapService\Reference.cs:行号 80
   在 DAL.DataInteraction_DAL.DataMethod(RfidCollections rfidKey, String& action) 位置 c:\Users\sai.zhuwen\Documents\程序\博世华域\rfidSystem\rfidSystem.DAL\DataInteraction_DAL.cs:行号 72



 记录时间：2017-11-26 16:33:36,105 
日志级别：  ERROR 
出错类：Logger  
错误描述：sap 

System.Net.WebException: 无法连接到远程服务器 ---> System.Net.Sockets.SocketException: 套接字操作尝试一个无法连接的主机。 190.1.10.135:8000
   在 System.Net.Sockets.Socket.DoConnect(EndPoint endPointSnapshot, SocketAddress socketAddress)
   在 System.Net.ServicePoint.ConnectSocketInternal(Boolean connectFailure, Socket s4, Socket s6, Socket& socket, IPAddress& address, ConnectSocketState state, IAsyncResult asyncResult, Exception& exception)
   --- 内部异常堆栈跟踪的结尾 ---
   在 System.Net.HttpWebRequest.GetRequestStream(TransportContext& context)
   在 System.Net.HttpWebRequest.GetRequestStream()
   在 System.Web.Services.Protocols.SoapHttpClientProtocol.Invoke(String methodName, Object[] parameters)
   在 DAL.sapService.ZMMRFIDSER.ZmmfRfidWs(ZmmfRfidWs ZmmfRfidWs1) 位置 c:\Users\sai.zhuwen\Documents\程序\博世华域\rfidSystem\rfidSystem.DAL\Web References\sapService\Reference.cs:行号 80
   在 DAL.DataInteraction_DAL.DataMethod(RfidCollections rfidKey, String& action) 位置 c:\Users\sai.zhuwen\Documents\程序\博世华域\rfidSystem\rfidSystem.DAL\DataInteraction_DAL.cs:行号 72



 记录时间：2017-11-26 16:36:04,983 
日志级别：  ERROR 
出错类：Logger  
错误描述：sap 

System.Net.WebException: 无法连接到远程服务器 ---> System.Net.Sockets.SocketException: 套接字操作尝试一个无法连接的主机。 190.1.10.135:8000
   在 System.Net.Sockets.Socket.DoConnect(EndPoint endPointSnapshot, SocketAddress socketAddress)
   在 System.Net.ServicePoint.ConnectSocketInternal(Boolean connectFailure, Socket s4, Socket s6, Socket& socket, IPAddress& address, ConnectSocketState state, IAsyncResult asyncResult, Exception& exception)
   --- 内部异常堆栈跟踪的结尾 ---
   在 System.Net.HttpWebRequest.GetRequestStream(TransportContext& context)
   在 System.Net.HttpWebRequest.GetRequestStream()
   在 System.Web.Services.Protocols.SoapHttpClientProtocol.Invoke(String methodName, Object[] parameters)
   在 DAL.sapService.ZMMRFIDSER.ZmmfRfidWs(ZmmfRfidWs ZmmfRfidWs1) 位置 c:\Users\sai.zhuwen\Documents\程序\博世华域\rfidSystem\rfidSystem.DAL\Web References\sapService\Reference.cs:行号 80
   在 DAL.DataInteraction_DAL.DataMethod(RfidCollections rfidKey, String& action) 位置 c:\Users\sai.zhuwen\Documents\程序\博世华域\rfidSystem\rfidSystem.DAL\DataInteraction_DAL.cs:行号 72



 记录时间：2017-11-26 16:39:20,766 
日志级别：  ERROR 
出错类：Logger  
错误描述：sap 

System.Net.WebException: 无法连接到远程服务器 ---> System.Net.Sockets.SocketException: 套接字操作尝试一个无法连接的主机。 190.1.10.135:8000
   在 System.Net.Sockets.Socket.DoConnect(EndPoint endPointSnapshot, SocketAddress socketAddress)
   在 System.Net.ServicePoint.ConnectSocketInternal(Boolean connectFailure, Socket s4, Socket s6, Socket& socket, IPAddress& address, ConnectSocketState state, IAsyncResult asyncResult, Exception& exception)
   --- 内部异常堆栈跟踪的结尾 ---
   在 System.Net.HttpWebRequest.GetRequestStream(TransportContext& context)
   在 System.Net.HttpWebRequest.GetRequestStream()
   在 System.Web.Services.Protocols.SoapHttpClientProtocol.Invoke(String methodName, Object[] parameters)
   在 DAL.sapService.ZMMRFIDSER.ZmmfRfidWs(ZmmfRfidWs ZmmfRfidWs1) 位置 c:\Users\sai.zhuwen\Documents\程序\博世华域\rfidSystem\rfidSystem.DAL\Web References\sapService\Reference.cs:行号 80
   在 DAL.DataInteraction_DAL.DataMethod(RfidCollections rfidKey, String& action) 位置 c:\Users\sai.zhuwen\Documents\程序\博世华域\rfidSystem\rfidSystem.DAL\DataInteraction_DAL.cs:行号 72



 记录时间：2017-11-26 16:46:31,511 
日志级别：  ERROR 
出错类：Logger  
错误描述：sap 

System.Net.WebException: 无法连接到远程服务器 ---> System.Net.Sockets.SocketException: 由于连接方在一段时间后没有正确答复或连接的主机没有反应，连接尝试失败。 190.1.10.135:8000
   在 System.Net.Sockets.Socket.DoConnect(EndPoint endPointSnapshot, SocketAddress socketAddress)
   在 System.Net.ServicePoint.ConnectSocketInternal(Boolean connectFailure, Socket s4, Socket s6, Socket& socket, IPAddress& address, ConnectSocketState state, IAsyncResult asyncResult, Exception& exception)
   --- 内部异常堆栈跟踪的结尾 ---
   在 System.Net.HttpWebRequest.GetRequestStream(TransportContext& context)
   在 System.Net.HttpWebRequest.GetRequestStream()
   在 System.Web.Services.Protocols.SoapHttpClientProtocol.Invoke(String methodName, Object[] parameters)
   在 DAL.sapService.ZMMRFIDSER.ZmmfRfidWs(ZmmfRfidWs ZmmfRfidWs1) 位置 c:\Users\sai.zhuwen\Documents\程序\博世华域\rfidSystem\rfidSystem.DAL\Web References\sapService\Reference.cs:行号 80
   在 DAL.DataInteraction_DAL.DataMethod(RfidCollections rfidKey, String& action) 位置 c:\Users\sai.zhuwen\Documents\程序\博世华域\rfidSystem\rfidSystem.DAL\DataInteraction_DAL.cs:行号 72



 记录时间：2017-11-26 16:47:20,993 
日志级别：  ERROR 
出错类：Logger  
错误描述：sap 

System.Net.WebException: 无法连接到远程服务器 ---> System.Net.Sockets.SocketException: 由于连接方在一段时间后没有正确答复或连接的主机没有反应，连接尝试失败。 190.1.10.135:8000
   在 System.Net.Sockets.Socket.DoConnect(EndPoint endPointSnapshot, SocketAddress socketAddress)
   在 System.Net.ServicePoint.ConnectSocketInternal(Boolean connectFailure, Socket s4, Socket s6, Socket& socket, IPAddress& address, ConnectSocketState state, IAsyncResult asyncResult, Exception& exception)
   --- 内部异常堆栈跟踪的结尾 ---
   在 System.Net.HttpWebRequest.GetRequestStream(TransportContext& context)
   在 System.Net.HttpWebRequest.GetRequestStream()
   在 System.Web.Services.Protocols.SoapHttpClientProtocol.Invoke(String methodName, Object[] parameters)
   在 DAL.sapService.ZMMRFIDSER.ZmmfRfidWs(ZmmfRfidWs ZmmfRfidWs1) 位置 c:\Users\sai.zhuwen\Documents\程序\博世华域\rfidSystem\rfidSystem.DAL\Web References\sapService\Reference.cs:行号 80
   在 DAL.DataInteraction_DAL.DataMethod(RfidCollections rfidKey, String& action) 位置 c:\Users\sai.zhuwen\Documents\程序\博世华域\rfidSystem\rfidSystem.DAL\DataInteraction_DAL.cs:行号 72



 记录时间：2017-11-26 16:48:28,345 
日志级别：  ERROR 
出错类：Logger  
错误描述：sap 

System.Net.WebException: 无法连接到远程服务器 ---> System.Net.Sockets.SocketException: 由于连接方在一段时间后没有正确答复或连接的主机没有反应，连接尝试失败。 190.1.10.135:8000
   在 System.Net.Sockets.Socket.DoConnect(EndPoint endPointSnapshot, SocketAddress socketAddress)
   在 System.Net.ServicePoint.ConnectSocketInternal(Boolean connectFailure, Socket s4, Socket s6, Socket& socket, IPAddress& address, ConnectSocketState state, IAsyncResult asyncResult, Exception& exception)
   --- 内部异常堆栈跟踪的结尾 ---
   在 System.Net.HttpWebRequest.GetRequestStream(TransportContext& context)
   在 System.Net.HttpWebRequest.GetRequestStream()
   在 System.Web.Services.Protocols.SoapHttpClientProtocol.Invoke(String methodName, Object[] parameters)
   在 DAL.sapService.ZMMRFIDSER.ZmmfRfidWs(ZmmfRfidWs ZmmfRfidWs1) 位置 c:\Users\sai.zhuwen\Documents\程序\博世华域\rfidSystem\rfidSystem.DAL\Web References\sapService\Reference.cs:行号 80
   在 DAL.DataInteraction_DAL.DataMethod(RfidCollections rfidKey, String& action) 位置 c:\Users\sai.zhuwen\Documents\程序\博世华域\rfidSystem\rfidSystem.DAL\DataInteraction_DAL.cs:行号 72



 记录时间：2017-11-26 16:49:52,306 
日志级别：  ERROR 
出错类：Logger  
错误描述：sap 

System.Net.WebException: 无法连接到远程服务器 ---> System.Net.Sockets.SocketException: 由于连接方在一段时间后没有正确答复或连接的主机没有反应，连接尝试失败。 190.1.10.135:8000
   在 System.Net.Sockets.Socket.DoConnect(EndPoint endPointSnapshot, SocketAddress socketAddress)
   在 System.Net.ServicePoint.ConnectSocketInternal(Boolean connectFailure, Socket s4, Socket s6, Socket& socket, IPAddress& address, ConnectSocketState state, IAsyncResult asyncResult, Exception& exception)
   --- 内部异常堆栈跟踪的结尾 ---
   在 System.Net.HttpWebRequest.GetRequestStream(TransportContext& context)
   在 System.Net.HttpWebRequest.GetRequestStream()
   在 System.Web.Services.Protocols.SoapHttpClientProtocol.Invoke(String methodName, Object[] parameters)
   在 DAL.sapService.ZMMRFIDSER.ZmmfRfidWs(ZmmfRfidWs ZmmfRfidWs1) 位置 c:\Users\sai.zhuwen\Documents\程序\博世华域\rfidSystem\rfidSystem.DAL\Web References\sapService\Reference.cs:行号 80
   在 DAL.DataInteraction_DAL.DataMethod(RfidCollections rfidKey, String& action) 位置 c:\Users\sai.zhuwen\Documents\程序\博世华域\rfidSystem\rfidSystem.DAL\DataInteraction_DAL.cs:行号 72



 记录时间：2017-11-26 17:05:12,432 
日志级别：  ERROR 
出错类：Logger  
错误描述：sap 

System.Net.WebException: 无法连接到远程服务器 ---> System.Net.Sockets.SocketException: 由于连接方在一段时间后没有正确答复或连接的主机没有反应，连接尝试失败。 190.1.10.135:8000
   在 System.Net.Sockets.Socket.DoConnect(EndPoint endPointSnapshot, SocketAddress socketAddress)
   在 System.Net.ServicePoint.ConnectSocketInternal(Boolean connectFailure, Socket s4, Socket s6, Socket& socket, IPAddress& address, ConnectSocketState state, IAsyncResult asyncResult, Exception& exception)
   --- 内部异常堆栈跟踪的结尾 ---
   在 System.Net.HttpWebRequest.GetRequestStream(TransportContext& context)
   在 System.Net.HttpWebRequest.GetRequestStream()
   在 System.Web.Services.Protocols.SoapHttpClientProtocol.Invoke(String methodName, Object[] parameters)
   在 DAL.sapService.ZMMRFIDSER.ZmmfRfidWs(ZmmfRfidWs ZmmfRfidWs1) 位置 c:\Users\sai.zhuwen\Documents\程序\博世华域\rfidSystem\rfidSystem.DAL\Web References\sapService\Reference.cs:行号 80
   在 DAL.DataInteraction_DAL.DataMethod(RfidCollections rfidKey, String& action) 位置 c:\Users\sai.zhuwen\Documents\程序\博世华域\rfidSystem\rfidSystem.DAL\DataInteraction_DAL.cs:行号 72



 记录时间：2017-11-26 17:08:46,498 
日志级别：  ERROR 
出错类：Logger  
错误描述：sap 

System.Net.WebException: 无法连接到远程服务器 ---> System.Net.Sockets.SocketException: 由于连接方在一段时间后没有正确答复或连接的主机没有反应，连接尝试失败。 190.1.10.135:8000
   在 System.Net.Sockets.Socket.DoConnect(EndPoint endPointSnapshot, SocketAddress socketAddress)
   在 System.Net.ServicePoint.ConnectSocketInternal(Boolean connectFailure, Socket s4, Socket s6, Socket& socket, IPAddress& address, ConnectSocketState state, IAsyncResult asyncResult, Exception& exception)
   --- 内部异常堆栈跟踪的结尾 ---
   在 System.Net.HttpWebRequest.GetRequestStream(TransportContext& context)
   在 System.Net.HttpWebRequest.GetRequestStream()
   在 System.Web.Services.Protocols.SoapHttpClientProtocol.Invoke(String methodName, Object[] parameters)
   在 DAL.sapService.ZMMRFIDSER.ZmmfRfidWs(ZmmfRfidWs ZmmfRfidWs1) 位置 c:\Users\sai.zhuwen\Documents\程序\博世华域\rfidSystem\rfidSystem.DAL\Web References\sapService\Reference.cs:行号 80
   在 DAL.DataInteraction_DAL.DataMethod(RfidCollections rfidKey, String& action) 位置 c:\Users\sai.zhuwen\Documents\程序\博世华域\rfidSystem\rfidSystem.DAL\DataInteraction_DAL.cs:行号 72



 记录时间：2017-11-26 17:27:20,569 
日志级别：  ERROR 
出错类：Logger  
错误描述：sap 

System.Net.WebException: 无法连接到远程服务器 ---> System.Net.Sockets.SocketException: 由于连接方在一段时间后没有正确答复或连接的主机没有反应，连接尝试失败。 190.1.10.135:8000
   在 System.Net.Sockets.Socket.DoConnect(EndPoint endPointSnapshot, SocketAddress socketAddress)
   在 System.Net.ServicePoint.ConnectSocketInternal(Boolean connectFailure, Socket s4, Socket s6, Socket& socket, IPAddress& address, ConnectSocketState state, IAsyncResult asyncResult, Exception& exception)
   --- 内部异常堆栈跟踪的结尾 ---
   在 System.Net.HttpWebRequest.GetRequestStream(TransportContext& context)
   在 System.Net.HttpWebRequest.GetRequestStream()
   在 System.Web.Services.Protocols.SoapHttpClientProtocol.Invoke(String methodName, Object[] parameters)
   在 DAL.sapService.ZMMRFIDSER.ZmmfRfidWs(ZmmfRfidWs ZmmfRfidWs1) 位置 c:\Users\sai.zhuwen\Documents\程序\博世华域\rfidSystem\rfidSystem.DAL\Web References\sapService\Reference.cs:行号 80
   在 DAL.DataInteraction_DAL.DataMethod(RfidCollections rfidKey, String& action) 位置 c:\Users\sai.zhuwen\Documents\程序\博世华域\rfidSystem\rfidSystem.DAL\DataInteraction_DAL.cs:行号 72



 记录时间：2017-11-26 23:05:07,336 
日志级别：  ERROR 
出错类：Logger  
错误描述：sap 

System.Net.WebException: 无法连接到远程服务器 ---> System.Net.Sockets.SocketException: 由于连接方在一段时间后没有正确答复或连接的主机没有反应，连接尝试失败。 190.1.10.135:8000
   在 System.Net.Sockets.Socket.DoConnect(EndPoint endPointSnapshot, SocketAddress socketAddress)
   在 System.Net.ServicePoint.ConnectSocketInternal(Boolean connectFailure, Socket s4, Socket s6, Socket& socket, IPAddress& address, ConnectSocketState state, IAsyncResult asyncResult, Exception& exception)
   --- 内部异常堆栈跟踪的结尾 ---
   在 System.Net.HttpWebRequest.GetRequestStream(TransportContext& context)
   在 System.Net.HttpWebRequest.GetRequestStream()
   在 System.Web.Services.Protocols.SoapHttpClientProtocol.Invoke(String methodName, Object[] parameters)
   在 DAL.sapService.ZMMRFIDSER.ZmmfRfidWs(ZmmfRfidWs ZmmfRfidWs1) 位置 c:\Users\sai.zhuwen\Documents\程序\博世华域\rfidSystem\rfidSystem.DAL\Web References\sapService\Reference.cs:行号 80
   在 DAL.DataInteraction_DAL.DataMethod(RfidCollections rfidKey, String& action) 位置 c:\Users\sai.zhuwen\Documents\程序\博世华域\rfidSystem\rfidSystem.DAL\DataInteraction_DAL.cs:行号 72
